2024-03-25 09:18:51,247 INFO o.a.j.u.JMeterUtils: Setting Locale to en_EN
2024-03-25 09:18:51,256 INFO o.a.j.JMeter: Loading user properties from: /home/diana/projects/cht-core/tests/scalability/jmeter/bin/user.properties
2024-03-25 09:18:51,256 INFO o.a.j.JMeter: Loading system properties from: /home/diana/projects/cht-core/tests/scalability/jmeter/bin/system.properties
2024-03-25 09:18:51,256 INFO o.a.j.JMeter: Setting JMeter property: working_dir=./report-B1SM2cSbmv
2024-03-25 09:18:51,256 INFO o.a.j.JMeter: Setting JMeter property: node_binary=/home/diana/.nvm/versions/node/v16.20.2/bin/node
2024-03-25 09:18:51,257 INFO o.a.j.JMeter: Setting JMeter property: number_of_threads=50
2024-03-25 09:18:51,259 INFO o.a.j.JMeter: Copyright (c) 1998-2023 The Apache Software Foundation
2024-03-25 09:18:51,259 INFO o.a.j.JMeter: Version 5.6
2024-03-25 09:18:51,259 INFO o.a.j.JMeter: java.version=21.0.2
2024-03-25 09:18:51,259 INFO o.a.j.JMeter: java.vm.name=OpenJDK 64-Bit Server VM
2024-03-25 09:18:51,259 INFO o.a.j.JMeter: os.name=Linux
2024-03-25 09:18:51,259 INFO o.a.j.JMeter: os.arch=amd64
2024-03-25 09:18:51,259 INFO o.a.j.JMeter: os.version=6.5.13-7-MANJARO
2024-03-25 09:18:51,259 INFO o.a.j.JMeter: file.encoding=UTF-8
2024-03-25 09:18:51,259 INFO o.a.j.JMeter: java.awt.headless=true
2024-03-25 09:18:51,260 INFO o.a.j.JMeter: Max memory     =1073741824
2024-03-25 09:18:51,260 INFO o.a.j.JMeter: Available Processors =16
2024-03-25 09:18:51,264 INFO o.a.j.JMeter: Default Locale=English (EN)
2024-03-25 09:18:51,265 INFO o.a.j.JMeter: JMeter  Locale=English (EN)
2024-03-25 09:18:51,265 INFO o.a.j.JMeter: JMeterHome=/home/diana/projects/cht-core/tests/scalability/jmeter
2024-03-25 09:18:51,265 INFO o.a.j.JMeter: user.dir  =/home/diana/projects/cht-core/tests/scalability
2024-03-25 09:18:51,265 INFO o.a.j.JMeter: PWD       =/home/diana/projects/cht-core/tests/scalability
2024-03-25 09:18:51,265 INFO o.a.j.JMeter: IP: 127.0.1.1 Name: nairobi-manjaro-attempt FullName: nairobi-manjaro-attempt
2024-03-25 09:18:51,271 INFO o.a.j.JMeter: Setting property 'jmeter.reportgenerator.outputdir' to:'/home/diana/projects/cht-core/tests/scalability/./report-B1SM2cSbmv'
2024-03-25 09:18:51,272 INFO o.a.j.s.FileServer: Default base='/home/diana/projects/cht-core/tests/scalability'
2024-03-25 09:18:51,273 INFO o.a.j.s.FileServer: Set new base='/home/diana/projects/cht-core/tests/scalability'
2024-03-25 09:18:51,387 INFO o.a.j.s.SaveService: Testplan (JMX) version: 2.2. Testlog (JTL) version: 2.2
2024-03-25 09:18:51,409 INFO o.a.j.s.SaveService: Using SaveService properties version 5.0
2024-03-25 09:18:51,411 INFO o.a.j.s.SaveService: Using SaveService properties file encoding UTF-8
2024-03-25 09:18:51,413 INFO o.a.j.s.SaveService: Loading file: sync.jmx
2024-03-25 09:18:51,454 INFO o.a.j.JMeter: Creating summariser <summary>
2024-03-25 09:18:51,456 INFO o.a.j.r.d.ReportGenerator: ReportGenerator will use for Parsing the separator: ','
2024-03-25 09:18:51,456 INFO o.a.j.r.d.ReportGenerator: Will generate report at end of test from  results file: ./report-B1SM2cSbmv/cli_run.jtl
2024-03-25 09:18:51,456 INFO o.a.j.r.d.ReportGenerator: Reading report generator properties from: /home/diana/projects/cht-core/tests/scalability/jmeter/bin/reportgenerator.properties
2024-03-25 09:18:51,456 INFO o.a.j.r.d.ReportGenerator: Merging with JMeter properties
2024-03-25 09:18:51,458 INFO o.a.j.r.c.ReportGeneratorConfiguration: Property 'jmeter.reportgenerator.temp_dir' not found, using default value 'temp' instead.
2024-03-25 09:18:51,459 INFO o.a.j.r.c.ReportGeneratorConfiguration: Property 'jmeter.reportgenerator.apdex_per_transaction' not found, using default value 'null' instead.
2024-03-25 09:18:51,464 INFO o.a.j.r.c.ReportGeneratorConfiguration: apdex_per_transaction is empty, not APDEX per transaction customization
2024-03-25 09:18:51,465 INFO o.a.j.r.c.ReportGeneratorConfiguration: Property 'jmeter.reportgenerator.sample_filter' not found, using default value 'null' instead.
2024-03-25 09:18:51,465 INFO o.a.j.r.c.ReportGeneratorConfiguration: Property 'jmeter.reportgenerator.report_title' not found, using default value 'null' instead.
2024-03-25 09:18:51,465 INFO o.a.j.r.c.ReportGeneratorConfiguration: Property 'jmeter.reportgenerator.start_date' not found, using default value 'null' instead.
2024-03-25 09:18:51,465 INFO o.a.j.r.c.ReportGeneratorConfiguration: Property 'jmeter.reportgenerator.end_date' not found, using default value 'null' instead.
2024-03-25 09:18:51,465 INFO o.a.j.r.c.ReportGeneratorConfiguration: Property 'jmeter.reportgenerator.date_format' not found, using default value 'null' instead.
2024-03-25 09:18:51,466 INFO o.a.j.r.c.ReportGeneratorConfiguration: Will use date range start date: null, end date: null
2024-03-25 09:18:51,469 INFO o.a.j.r.c.ReportGeneratorConfiguration: Property 'jmeter.reportgenerator.graph.totalTPS.exclude_controllers' not found, using default value 'false' instead.
2024-03-25 09:18:51,469 INFO o.a.j.r.c.ReportGeneratorConfiguration: Property 'jmeter.reportgenerator.graph.activeThreadsOverTime.exclude_controllers' not found, using default value 'false' instead.
2024-03-25 09:18:51,469 INFO o.a.j.r.c.ReportGeneratorConfiguration: Property 'jmeter.reportgenerator.graph.timeVsThreads.exclude_controllers' not found, using default value 'false' instead.
2024-03-25 09:18:51,470 INFO o.a.j.r.c.ReportGeneratorConfiguration: Property 'jmeter.reportgenerator.graph.responseTimeDistribution.exclude_controllers' not found, using default value 'false' instead.
2024-03-25 09:18:51,470 INFO o.a.j.r.c.ReportGeneratorConfiguration: Property 'jmeter.reportgenerator.graph.transactionsPerSecond.exclude_controllers' not found, using default value 'false' instead.
2024-03-25 09:18:51,470 INFO o.a.j.r.c.ReportGeneratorConfiguration: Property 'jmeter.reportgenerator.graph.responseTimePercentiles.exclude_controllers' not found, using default value 'false' instead.
2024-03-25 09:18:51,470 INFO o.a.j.r.c.ReportGeneratorConfiguration: Property 'jmeter.reportgenerator.graph.responseTimePercentilesOverTime.exclude_controllers' not found, using default value 'false' instead.
2024-03-25 09:18:51,470 INFO o.a.j.r.c.ReportGeneratorConfiguration: Property 'jmeter.reportgenerator.graph.responseTimesOverTime.exclude_controllers' not found, using default value 'false' instead.
2024-03-25 09:18:51,470 INFO o.a.j.r.c.ReportGeneratorConfiguration: Property 'jmeter.reportgenerator.graph.connectTimeOverTime.exclude_controllers' not found, using default value 'false' instead.
2024-03-25 09:18:51,471 INFO o.a.j.r.c.ReportGeneratorConfiguration: Property 'jmeter.reportgenerator.graph.latenciesOverTime.exclude_controllers' not found, using default value 'false' instead.
2024-03-25 09:18:51,471 INFO o.a.j.r.c.ReportGeneratorConfiguration: Property 'jmeter.reportgenerator.exporter.json.filters_only_sample_series' not found, using default value 'true' instead.
2024-03-25 09:18:51,471 INFO o.a.j.r.c.ReportGeneratorConfiguration: Property 'jmeter.reportgenerator.exporter.json.series_filter' not found, using default value '' instead.
2024-03-25 09:18:51,471 INFO o.a.j.r.c.ReportGeneratorConfiguration: Property 'jmeter.reportgenerator.exporter.json.show_controllers_only' not found, using default value 'false' instead.
2024-03-25 09:18:51,472 INFO o.a.j.r.c.ReportGeneratorConfiguration: Property 'jmeter.reportgenerator.exporter.html.filters_only_sample_series' not found, using default value 'true' instead.
2024-03-25 09:18:51,472 INFO o.a.j.r.c.ReportGeneratorConfiguration: Property 'jmeter.reportgenerator.exporter.html.series_filter' not found, using default value '' instead.
2024-03-25 09:18:51,472 INFO o.a.j.r.c.ReportGeneratorConfiguration: Property 'jmeter.reportgenerator.exporter.html.show_controllers_only' not found, using default value 'false' instead.
2024-03-25 09:18:51,478 INFO o.a.j.e.StandardJMeterEngine: Running the test!
2024-03-25 09:18:51,479 INFO o.a.j.s.SampleEvent: List of sample_variables: []
2024-03-25 09:18:51,479 INFO o.a.j.s.SampleEvent: List of sample_variables: []
2024-03-25 09:18:51,481 INFO o.a.j.e.u.CompoundVariable: Note: Function class names must contain the string: '.functions.'
2024-03-25 09:18:51,481 INFO o.a.j.e.u.CompoundVariable: Note: Function class names must not contain the string: '.gui.'
2024-03-25 09:18:51,515 INFO o.a.j.r.ClassFinder: Will scan jar /home/diana/projects/cht-core/tests/scalability/jmeter/lib/ext/jmeter-plugins-manager-1.4.jar with filter ExtendsClassFilter [parents=[interface org.apache.jmeter.functions.Function], inner=false, contains=null, notContains=null]. Consider exposing JMeter plugins via META-INF/services, and add JMeter-Skip-Class-Scanning=true manifest attribute so JMeter can skip classfile scanning
2024-03-25 09:18:51,552 INFO o.a.j.r.ClassFinder: Will scan jar /home/diana/projects/cht-core/tests/scalability/jmeter/lib/ext/jmeter-plugins-mergeresults-2.1.jar with filter ExtendsClassFilter [parents=[interface org.apache.jmeter.functions.Function], inner=false, contains=null, notContains=null]. Consider exposing JMeter plugins via META-INF/services, and add JMeter-Skip-Class-Scanning=true manifest attribute so JMeter can skip classfile scanning
2024-03-25 09:18:51,560 INFO o.a.j.JMeter: Running test (1711347531560)
2024-03-25 09:18:51,572 INFO o.a.j.e.StandardJMeterEngine: Starting ThreadGroup: 1 : Thread Group
2024-03-25 09:18:51,572 INFO o.a.j.e.StandardJMeterEngine: Starting 50 threads for group Thread Group.
2024-03-25 09:18:51,573 INFO o.a.j.e.StandardJMeterEngine: Thread will continue on error
2024-03-25 09:18:51,573 INFO o.a.j.t.ThreadGroup: Starting thread group... number=1 threads=50 ramp-up=1 delayedStart=false
2024-03-25 09:18:51,579 INFO o.a.j.t.JMeterThread: Thread started: Thread Group 1-1
2024-03-25 09:18:51,582 INFO o.a.j.s.SampleResult: Note: Sample TimeStamps are START times
2024-03-25 09:18:51,582 INFO o.a.j.s.SampleResult: sampleresult.default.encoding is set to ISO-8859-1
2024-03-25 09:18:51,582 INFO o.a.j.s.SampleResult: sampleresult.useNanoTime=true
2024-03-25 09:18:51,583 INFO o.a.j.s.SampleResult: sampleresult.nanoThreadSleep=5000
2024-03-25 09:18:51,588 INFO o.a.j.t.ThreadGroup: Started thread group number 1
2024-03-25 09:18:51,588 INFO o.a.j.e.StandardJMeterEngine: All thread groups have been started
2024-03-25 09:18:51,595 INFO o.a.j.t.JMeterThread: Thread started: Thread Group 1-2
2024-03-25 09:18:51,615 INFO o.a.j.t.JMeterThread: Thread started: Thread Group 1-3
2024-03-25 09:18:51,635 INFO o.a.j.t.JMeterThread: Thread started: Thread Group 1-4
2024-03-25 09:18:51,654 INFO o.a.j.t.JMeterThread: Thread started: Thread Group 1-5
2024-03-25 09:18:51,674 INFO o.a.j.t.JMeterThread: Thread started: Thread Group 1-6
2024-03-25 09:18:51,694 INFO o.a.j.t.JMeterThread: Thread started: Thread Group 1-7
2024-03-25 09:18:51,714 INFO o.a.j.t.JMeterThread: Thread started: Thread Group 1-8
2024-03-25 09:18:51,734 INFO o.a.j.t.JMeterThread: Thread started: Thread Group 1-9
2024-03-25 09:18:51,754 INFO o.a.j.t.JMeterThread: Thread started: Thread Group 1-10
2024-03-25 09:18:51,774 INFO o.a.j.t.JMeterThread: Thread started: Thread Group 1-11
2024-03-25 09:18:51,793 INFO o.a.j.t.JMeterThread: Thread started: Thread Group 1-12
2024-03-25 09:18:51,813 INFO o.a.j.t.JMeterThread: Thread started: Thread Group 1-13
2024-03-25 09:18:51,833 INFO o.a.j.t.JMeterThread: Thread started: Thread Group 1-14
2024-03-25 09:18:51,854 INFO o.a.j.t.JMeterThread: Thread started: Thread Group 1-15
2024-03-25 09:18:51,874 INFO o.a.j.t.JMeterThread: Thread started: Thread Group 1-16
2024-03-25 09:18:51,894 INFO o.a.j.t.JMeterThread: Thread started: Thread Group 1-17
2024-03-25 09:18:51,914 INFO o.a.j.t.JMeterThread: Thread started: Thread Group 1-18
2024-03-25 09:18:51,934 INFO o.a.j.t.JMeterThread: Thread started: Thread Group 1-19
2024-03-25 09:18:51,954 INFO o.a.j.t.JMeterThread: Thread started: Thread Group 1-20
2024-03-25 09:18:51,973 INFO o.a.j.t.JMeterThread: Thread started: Thread Group 1-21
2024-03-25 09:18:51,993 INFO o.a.j.t.JMeterThread: Thread started: Thread Group 1-22
2024-03-25 09:18:52,016 INFO o.a.j.t.JMeterThread: Thread started: Thread Group 1-23
2024-03-25 09:18:52,037 INFO o.a.j.t.JMeterThread: Thread started: Thread Group 1-24
2024-03-25 09:18:52,054 INFO o.a.j.t.JMeterThread: Thread started: Thread Group 1-25
2024-03-25 09:18:52,074 INFO o.a.j.t.JMeterThread: Thread started: Thread Group 1-26
2024-03-25 09:18:52,094 INFO o.a.j.t.JMeterThread: Thread started: Thread Group 1-27
2024-03-25 09:18:52,113 INFO o.a.j.t.JMeterThread: Thread started: Thread Group 1-28
2024-03-25 09:18:52,134 INFO o.a.j.t.JMeterThread: Thread started: Thread Group 1-29
2024-03-25 09:18:52,154 INFO o.a.j.t.JMeterThread: Thread started: Thread Group 1-30
2024-03-25 09:18:52,181 INFO o.a.j.t.JMeterThread: Thread started: Thread Group 1-31
2024-03-25 09:18:52,194 INFO o.a.j.t.JMeterThread: Thread started: Thread Group 1-32
2024-03-25 09:18:52,214 INFO o.a.j.t.JMeterThread: Thread started: Thread Group 1-33
2024-03-25 09:18:52,233 INFO o.a.j.t.JMeterThread: Thread started: Thread Group 1-34
2024-03-25 09:18:52,255 INFO o.a.j.t.JMeterThread: Thread started: Thread Group 1-35
2024-03-25 09:18:52,274 INFO o.a.j.t.JMeterThread: Thread started: Thread Group 1-36
2024-03-25 09:18:52,294 INFO o.a.j.t.JMeterThread: Thread started: Thread Group 1-37
2024-03-25 09:18:52,314 INFO o.a.j.t.JMeterThread: Thread started: Thread Group 1-38
2024-03-25 09:18:52,333 INFO o.a.j.t.JMeterThread: Thread started: Thread Group 1-39
2024-03-25 09:18:52,353 INFO o.a.j.t.JMeterThread: Thread started: Thread Group 1-40
2024-03-25 09:18:52,373 INFO o.a.j.t.JMeterThread: Thread started: Thread Group 1-41
2024-03-25 09:18:52,394 INFO o.a.j.t.JMeterThread: Thread started: Thread Group 1-42
2024-03-25 09:18:52,419 INFO o.a.j.t.JMeterThread: Thread started: Thread Group 1-43
2024-03-25 09:18:52,448 INFO o.a.j.t.JMeterThread: Thread started: Thread Group 1-44
2024-03-25 09:18:52,459 INFO o.a.j.t.JMeterThread: Thread started: Thread Group 1-45
2024-03-25 09:18:52,474 INFO o.a.j.t.JMeterThread: Thread started: Thread Group 1-46
2024-03-25 09:18:52,494 INFO o.a.j.t.JMeterThread: Thread started: Thread Group 1-47
2024-03-25 09:18:52,513 INFO o.a.j.t.JMeterThread: Thread started: Thread Group 1-48
2024-03-25 09:18:52,609 INFO o.a.j.t.JMeterThread: Thread started: Thread Group 1-49
2024-03-25 09:18:52,611 INFO o.a.j.t.JMeterThread: Thread started: Thread Group 1-50
2024-03-25 09:19:29,310 INFO o.a.j.t.JMeterThread: Thread is done: Thread Group 1-1
2024-03-25 09:19:29,310 INFO o.a.j.t.JMeterThread: Thread finished: Thread Group 1-1
2024-03-25 09:19:48,298 INFO o.a.j.t.JMeterThread: Thread is done: Thread Group 1-2
2024-03-25 09:19:48,299 INFO o.a.j.t.JMeterThread: Thread finished: Thread Group 1-2
2024-03-25 09:19:59,994 INFO o.a.j.t.JMeterThread: Thread is done: Thread Group 1-3
2024-03-25 09:19:59,994 INFO o.a.j.t.JMeterThread: Thread finished: Thread Group 1-3
2024-03-25 09:20:01,803 INFO o.a.j.r.Summariser: summary +      4 in 00:01:10 =    0.1/s Avg: 58206 Min: 37724 Max: 70022 Err:     0 (0.00%) Active: 47 Started: 50 Finished: 3
2024-03-25 09:20:01,804 INFO o.a.j.t.JMeterThread: Thread is done: Thread Group 1-11
2024-03-25 09:20:01,805 INFO o.a.j.t.JMeterThread: Thread finished: Thread Group 1-11
2024-03-25 09:20:08,416 INFO o.a.j.t.JMeterThread: Thread is done: Thread Group 1-6
2024-03-25 09:20:08,417 INFO o.a.j.t.JMeterThread: Thread finished: Thread Group 1-6
2024-03-25 09:20:09,764 INFO o.a.j.t.JMeterThread: Thread is done: Thread Group 1-5
2024-03-25 09:20:09,765 INFO o.a.j.t.JMeterThread: Thread finished: Thread Group 1-5
2024-03-25 09:20:14,600 INFO o.a.j.t.JMeterThread: Thread is done: Thread Group 1-9
2024-03-25 09:20:14,600 INFO o.a.j.t.JMeterThread: Thread finished: Thread Group 1-9
2024-03-25 09:20:27,367 INFO o.a.j.t.JMeterThread: Thread is done: Thread Group 1-8
2024-03-25 09:20:27,369 INFO o.a.j.t.JMeterThread: Thread finished: Thread Group 1-8
2024-03-25 09:20:30,762 INFO o.a.j.r.Summariser: summary +      5 in 00:00:29 =    0.2/s Avg: 86497 Min: 76740 Max: 99125 Err:     0 (0.00%) Active: 42 Started: 50 Finished: 8
2024-03-25 09:20:30,763 INFO o.a.j.r.Summariser: summary =      9 in 00:01:39 =    0.1/s Avg: 73923 Min: 37724 Max: 99125 Err:     0 (0.00%)
2024-03-25 09:20:30,764 INFO o.a.j.t.JMeterThread: Thread is done: Thread Group 1-4
2024-03-25 09:20:30,764 INFO o.a.j.t.JMeterThread: Thread finished: Thread Group 1-4
2024-03-25 09:20:32,290 INFO o.a.j.t.JMeterThread: Thread is done: Thread Group 1-7
2024-03-25 09:20:32,291 INFO o.a.j.t.JMeterThread: Thread finished: Thread Group 1-7
2024-03-25 09:20:34,547 INFO o.a.j.t.JMeterThread: Thread is done: Thread Group 1-10
2024-03-25 09:20:34,547 INFO o.a.j.t.JMeterThread: Thread finished: Thread Group 1-10
2024-03-25 09:20:34,558 INFO o.a.j.t.JMeterThread: Thread is done: Thread Group 1-24
2024-03-25 09:20:34,559 INFO o.a.j.t.JMeterThread: Thread finished: Thread Group 1-24
2024-03-25 09:20:36,425 INFO o.a.j.t.JMeterThread: Thread is done: Thread Group 1-36
2024-03-25 09:20:36,426 INFO o.a.j.t.JMeterThread: Thread finished: Thread Group 1-36
2024-03-25 09:20:36,817 INFO o.a.j.t.JMeterThread: Thread is done: Thread Group 1-28
2024-03-25 09:20:36,817 INFO o.a.j.t.JMeterThread: Thread finished: Thread Group 1-28
2024-03-25 09:20:36,854 INFO o.a.j.t.JMeterThread: Thread is done: Thread Group 1-20
2024-03-25 09:20:36,854 INFO o.a.j.t.JMeterThread: Thread finished: Thread Group 1-20
2024-03-25 09:20:37,066 INFO o.a.j.t.JMeterThread: Thread is done: Thread Group 1-19
2024-03-25 09:20:37,067 INFO o.a.j.t.JMeterThread: Thread finished: Thread Group 1-19
2024-03-25 09:20:40,800 INFO o.a.j.t.JMeterThread: Thread is done: Thread Group 1-25
2024-03-25 09:20:40,800 INFO o.a.j.t.JMeterThread: Thread finished: Thread Group 1-25
2024-03-25 09:20:41,451 INFO o.a.j.t.JMeterThread: Thread is done: Thread Group 1-49
2024-03-25 09:20:41,452 INFO o.a.j.t.JMeterThread: Thread finished: Thread Group 1-49
2024-03-25 09:20:42,915 INFO o.a.j.t.JMeterThread: Thread is done: Thread Group 1-30
2024-03-25 09:20:42,915 INFO o.a.j.t.JMeterThread: Thread finished: Thread Group 1-30
2024-03-25 09:20:43,404 INFO o.a.j.t.JMeterThread: Thread is done: Thread Group 1-12
2024-03-25 09:20:43,404 INFO o.a.j.t.JMeterThread: Thread finished: Thread Group 1-12
2024-03-25 09:20:43,443 INFO o.a.j.t.JMeterThread: Thread is done: Thread Group 1-33
2024-03-25 09:20:43,444 INFO o.a.j.t.JMeterThread: Thread finished: Thread Group 1-33
2024-03-25 09:20:43,554 INFO o.a.j.t.JMeterThread: Thread is done: Thread Group 1-16
2024-03-25 09:20:43,556 INFO o.a.j.t.JMeterThread: Thread is done: Thread Group 1-14
2024-03-25 09:20:43,556 INFO o.a.j.t.JMeterThread: Thread finished: Thread Group 1-14
2024-03-25 09:20:43,560 INFO o.a.j.t.JMeterThread: Thread is done: Thread Group 1-40
2024-03-25 09:20:43,560 INFO o.a.j.t.JMeterThread: Thread finished: Thread Group 1-40
2024-03-25 09:20:43,555 INFO o.a.j.t.JMeterThread: Thread finished: Thread Group 1-16
2024-03-25 09:20:43,565 INFO o.a.j.t.JMeterThread: Thread is done: Thread Group 1-48
2024-03-25 09:20:43,566 INFO o.a.j.t.JMeterThread: Thread finished: Thread Group 1-48
2024-03-25 09:20:43,584 INFO o.a.j.t.JMeterThread: Thread is done: Thread Group 1-34
2024-03-25 09:20:43,585 INFO o.a.j.t.JMeterThread: Thread is done: Thread Group 1-44
2024-03-25 09:20:43,585 INFO o.a.j.t.JMeterThread: Thread finished: Thread Group 1-34
2024-03-25 09:20:43,585 INFO o.a.j.t.JMeterThread: Thread finished: Thread Group 1-44
2024-03-25 09:20:43,594 INFO o.a.j.t.JMeterThread: Thread is done: Thread Group 1-42
2024-03-25 09:20:43,595 INFO o.a.j.t.JMeterThread: Thread finished: Thread Group 1-42
2024-03-25 09:20:43,607 INFO o.a.j.t.JMeterThread: Thread is done: Thread Group 1-45
2024-03-25 09:20:43,608 INFO o.a.j.t.JMeterThread: Thread finished: Thread Group 1-45
2024-03-25 09:20:43,614 INFO o.a.j.t.JMeterThread: Thread is done: Thread Group 1-13
2024-03-25 09:20:43,614 INFO o.a.j.t.JMeterThread: Thread finished: Thread Group 1-13
2024-03-25 09:20:43,729 INFO o.a.j.t.JMeterThread: Thread is done: Thread Group 1-17
2024-03-25 09:20:43,729 INFO o.a.j.t.JMeterThread: Thread finished: Thread Group 1-17
2024-03-25 09:20:43,731 INFO o.a.j.t.JMeterThread: Thread is done: Thread Group 1-15
2024-03-25 09:20:43,731 INFO o.a.j.t.JMeterThread: Thread finished: Thread Group 1-15
2024-03-25 09:20:43,746 INFO o.a.j.t.JMeterThread: Thread is done: Thread Group 1-39
2024-03-25 09:20:43,747 INFO o.a.j.t.JMeterThread: Thread finished: Thread Group 1-39
2024-03-25 09:20:43,759 INFO o.a.j.t.JMeterThread: Thread is done: Thread Group 1-37
2024-03-25 09:20:43,759 INFO o.a.j.t.JMeterThread: Thread finished: Thread Group 1-37
2024-03-25 09:20:43,767 INFO o.a.j.t.JMeterThread: Thread is done: Thread Group 1-46
2024-03-25 09:20:43,768 INFO o.a.j.t.JMeterThread: Thread finished: Thread Group 1-46
2024-03-25 09:20:43,774 INFO o.a.j.t.JMeterThread: Thread is done: Thread Group 1-31
2024-03-25 09:20:43,774 INFO o.a.j.t.JMeterThread: Thread finished: Thread Group 1-31
2024-03-25 09:20:43,800 INFO o.a.j.t.JMeterThread: Thread is done: Thread Group 1-38
2024-03-25 09:20:43,801 INFO o.a.j.t.JMeterThread: Thread finished: Thread Group 1-38
2024-03-25 09:20:43,824 INFO o.a.j.t.JMeterThread: Thread is done: Thread Group 1-35
2024-03-25 09:20:43,824 INFO o.a.j.t.JMeterThread: Thread finished: Thread Group 1-35
2024-03-25 09:20:43,899 INFO o.a.j.t.JMeterThread: Thread is done: Thread Group 1-29
2024-03-25 09:20:43,899 INFO o.a.j.t.JMeterThread: Thread finished: Thread Group 1-29
2024-03-25 09:20:43,907 INFO o.a.j.t.JMeterThread: Thread is done: Thread Group 1-23
2024-03-25 09:20:43,908 INFO o.a.j.t.JMeterThread: Thread finished: Thread Group 1-23
2024-03-25 09:20:43,912 INFO o.a.j.t.JMeterThread: Thread is done: Thread Group 1-22
2024-03-25 09:20:43,913 INFO o.a.j.t.JMeterThread: Thread finished: Thread Group 1-22
2024-03-25 09:20:43,930 INFO o.a.j.t.JMeterThread: Thread is done: Thread Group 1-43
2024-03-25 09:20:43,930 INFO o.a.j.t.JMeterThread: Thread finished: Thread Group 1-43
2024-03-25 09:20:43,932 INFO o.a.j.t.JMeterThread: Thread is done: Thread Group 1-32
2024-03-25 09:20:43,932 INFO o.a.j.t.JMeterThread: Thread finished: Thread Group 1-32
2024-03-25 09:20:43,973 INFO o.a.j.t.JMeterThread: Thread is done: Thread Group 1-50
2024-03-25 09:20:43,973 INFO o.a.j.t.JMeterThread: Thread finished: Thread Group 1-50
2024-03-25 09:20:44,049 INFO o.a.j.t.JMeterThread: Thread is done: Thread Group 1-26
2024-03-25 09:20:44,049 INFO o.a.j.t.JMeterThread: Thread finished: Thread Group 1-26
2024-03-25 09:20:44,068 INFO o.a.j.t.JMeterThread: Thread is done: Thread Group 1-21
2024-03-25 09:20:44,068 INFO o.a.j.t.JMeterThread: Thread finished: Thread Group 1-21
2024-03-25 09:20:44,073 INFO o.a.j.t.JMeterThread: Thread is done: Thread Group 1-27
2024-03-25 09:20:44,073 INFO o.a.j.t.JMeterThread: Thread finished: Thread Group 1-27
2024-03-25 09:20:44,078 INFO o.a.j.t.JMeterThread: Thread is done: Thread Group 1-47
2024-03-25 09:20:44,079 INFO o.a.j.t.JMeterThread: Thread finished: Thread Group 1-47
2024-03-25 09:20:44,108 INFO o.a.j.t.JMeterThread: Thread is done: Thread Group 1-41
2024-03-25 09:20:44,109 INFO o.a.j.t.JMeterThread: Thread finished: Thread Group 1-41
2024-03-25 09:20:44,120 INFO o.a.j.t.JMeterThread: Thread is done: Thread Group 1-18
2024-03-25 09:20:44,120 INFO o.a.j.t.JMeterThread: Thread finished: Thread Group 1-18
2024-03-25 09:20:44,120 INFO o.a.j.e.StandardJMeterEngine: Notifying test listeners of end of test
2024-03-25 09:20:44,122 INFO o.a.j.r.Summariser: summary +     41 in 00:00:13 =    3.1/s Avg: 110060 Min: 100595 Max: 112204 Err:     0 (0.00%) Active: 0 Started: 50 Finished: 50
2024-03-25 09:20:44,122 INFO o.a.j.r.Summariser: summary =     50 in 00:01:53 =    0.4/s Avg: 103555 Min: 37724 Max: 112204 Err:     0 (0.00%)
2024-03-25 09:20:44,122 INFO o.a.j.JMeter: Generating Dashboard
2024-03-25 09:20:44,123 INFO o.a.j.r.d.ReportGenerator: Flushing result collector before report Generation
2024-03-25 09:20:44,136 INFO o.a.j.r.p.NormalizerSampleConsumer: Using format, 'ms', to parse timeStamp field
2024-03-25 09:20:44,217 INFO o.a.j.r.p.AbstractSampleConsumer: class org.apache.jmeter.report.processor.AggregateConsumer#stopProducing(): beginDate produced 0 samples
2024-03-25 09:20:44,217 INFO o.a.j.r.p.AbstractSampleConsumer: class org.apache.jmeter.report.processor.AggregateConsumer#stopProducing(): endDate produced 0 samples
2024-03-25 09:20:44,218 INFO o.a.j.r.p.AbstractSampleConsumer: class org.apache.jmeter.report.processor.ApdexSummaryConsumer#stopProducing(): apdexSummary produced 0 samples
2024-03-25 09:20:44,219 INFO o.a.j.r.p.AbstractSampleConsumer: class org.apache.jmeter.report.processor.RequestsSummaryConsumer#stopProducing(): requestsSummary produced 0 samples
2024-03-25 09:20:44,222 INFO o.a.j.r.p.AbstractSampleConsumer: class org.apache.jmeter.report.processor.StatisticsSummaryConsumer#stopProducing(): statisticsSummary produced 0 samples
2024-03-25 09:20:44,224 INFO o.a.j.r.p.AbstractSampleConsumer: class org.apache.jmeter.report.processor.Top5ErrorsBySamplerConsumer#stopProducing(): top5ErrorsBySampler produced 0 samples
2024-03-25 09:20:44,224 INFO o.a.j.r.p.AbstractSampleConsumer: class org.apache.jmeter.report.processor.ErrorsSummaryConsumer#stopProducing(): errorsSummary produced 0 samples
2024-03-25 09:20:44,224 INFO o.a.j.r.p.AbstractSampleConsumer: class org.apache.jmeter.report.processor.graph.impl.HitsPerSecondGraphConsumer#stopProducing(): hitsPerSecond produced 0 samples
2024-03-25 09:20:44,243 INFO o.a.j.r.p.AbstractSampleConsumer: class org.apache.jmeter.report.processor.graph.impl.LatencyVSRequestGraphConsumer#stopProducing(): latencyVsRequest produced 0 samples
2024-03-25 09:20:44,243 INFO o.a.j.r.p.AbstractSampleConsumer: class org.apache.jmeter.report.processor.graph.impl.SyntheticResponseTimeDistributionGraphConsumer#stopProducing(): syntheticResponseTimeDistribution produced 0 samples
2024-03-25 09:20:44,244 INFO o.a.j.r.p.AbstractSampleConsumer: class org.apache.jmeter.report.processor.graph.impl.BytesThroughputGraphConsumer#stopProducing(): bytesThroughputOverTime produced 0 samples
2024-03-25 09:20:44,244 INFO o.a.j.r.p.AbstractSampleConsumer: class org.apache.jmeter.report.processor.graph.impl.CodesPerSecondGraphConsumer#stopProducing(): codesPerSecond produced 0 samples
2024-03-25 09:20:44,247 INFO o.a.j.r.p.AbstractSampleConsumer: class org.apache.jmeter.report.processor.graph.impl.ResponseTimeVSRequestGraphConsumer#stopProducing(): responseTimeVsRequest produced 0 samples
2024-03-25 09:20:44,247 INFO o.a.j.r.p.AbstractSampleConsumer: class org.apache.jmeter.report.processor.FilterConsumer#stopProducing(): startIntervalControlerFilter produced 350 samples
2024-03-25 09:20:44,248 INFO o.a.j.r.p.AbstractSampleConsumer: class org.apache.jmeter.report.processor.graph.impl.TotalTPSGraphConsumer#stopProducing(): totalTPS produced 0 samples
2024-03-25 09:20:44,248 INFO o.a.j.r.p.AbstractSampleConsumer: class org.apache.jmeter.report.processor.graph.impl.ActiveThreadsGraphConsumer#stopProducing(): activeThreadsOverTime produced 0 samples
2024-03-25 09:20:44,248 INFO o.a.j.r.p.AbstractSampleConsumer: class org.apache.jmeter.report.processor.graph.impl.TimeVSThreadGraphConsumer#stopProducing(): timeVsThreads produced 0 samples
2024-03-25 09:20:44,248 INFO o.a.j.r.p.AbstractSampleConsumer: class org.apache.jmeter.report.processor.graph.impl.ResponseTimeDistributionGraphConsumer#stopProducing(): responseTimeDistribution produced 0 samples
2024-03-25 09:20:44,249 INFO o.a.j.r.p.AbstractSampleConsumer: class org.apache.jmeter.report.processor.graph.impl.TransactionsPerSecondGraphConsumer#stopProducing(): transactionsPerSecond produced 0 samples
2024-03-25 09:20:44,249 INFO o.a.j.r.p.AbstractSampleConsumer: class org.apache.jmeter.report.processor.graph.impl.ResponseTimePercentilesGraphConsumer#stopProducing(): responseTimePercentiles produced 0 samples
2024-03-25 09:20:44,250 INFO o.a.j.r.p.AbstractSampleConsumer: class org.apache.jmeter.report.processor.graph.impl.ResponseTimePercentilesOverTimeGraphConsumer#stopProducing(): responseTimePercentilesOverTime produced 0 samples
2024-03-25 09:20:44,250 INFO o.a.j.r.p.AbstractSampleConsumer: class org.apache.jmeter.report.processor.graph.impl.ResponseTimeOverTimeGraphConsumer#stopProducing(): responseTimesOverTime produced 0 samples
2024-03-25 09:20:44,250 INFO o.a.j.r.p.AbstractSampleConsumer: class org.apache.jmeter.report.processor.graph.impl.ConnectTimeOverTimeGraphConsumer#stopProducing(): connectTimeOverTime produced 0 samples
2024-03-25 09:20:44,250 INFO o.a.j.r.p.AbstractSampleConsumer: class org.apache.jmeter.report.processor.graph.impl.LatencyOverTimeGraphConsumer#stopProducing(): latenciesOverTime produced 0 samples
2024-03-25 09:20:44,250 INFO o.a.j.r.p.AbstractSampleConsumer: class org.apache.jmeter.report.processor.FilterConsumer#stopProducing(): nameFilter produced 750 samples
2024-03-25 09:20:44,250 INFO o.a.j.r.p.AbstractSampleConsumer: class org.apache.jmeter.report.processor.FilterConsumer#stopProducing(): dateRangeFilter produced 150 samples
2024-03-25 09:20:44,250 INFO o.a.j.r.p.AbstractSampleConsumer: class org.apache.jmeter.report.processor.NormalizerSampleConsumer#stopProducing(): normalizer produced 50 samples
2024-03-25 09:20:44,251 INFO o.a.j.r.p.CsvFileSampleSource: produce(): 50 samples produced in 81ms on channel 0
2024-03-25 09:20:44,251 INFO o.a.j.r.d.ReportGenerator: Exporting data using exporter:'json' of className:'org.apache.jmeter.report.dashboard.JsonExporter'
2024-03-25 09:20:44,373 INFO o.a.j.r.d.JsonExporter: Found data for consumer statisticsSummary in context
2024-03-25 09:20:44,373 INFO o.a.j.r.d.JsonExporter: Creating statistics for overall
2024-03-25 09:20:44,374 INFO o.a.j.r.d.JsonExporter: Creating statistics for other transactions
2024-03-25 09:20:44,375 INFO o.a.j.r.d.JsonExporter: Checking output folder
2024-03-25 09:20:44,376 INFO o.a.j.r.d.JsonExporter: Writing statistics JSON to /home/diana/projects/cht-core/tests/scalability/./report-B1SM2cSbmv/statistics.json
2024-03-25 09:20:44,430 INFO o.a.j.r.d.ReportGenerator: Exporting data using exporter:'html' of className:'org.apache.jmeter.report.dashboard.HtmlTemplateExporter'
2024-03-25 09:20:44,433 INFO o.a.j.r.d.HtmlTemplateExporter: Will generate dashboard in folder: /home/diana/projects/cht-core/tests/scalability/./report-B1SM2cSbmv
2024-03-25 09:20:44,540 INFO o.a.j.r.d.HtmlTemplateExporter: Report will be generated in: /home/diana/projects/cht-core/tests/scalability/./report-B1SM2cSbmv, creating folder structure
2024-03-25 09:20:44,544 INFO o.a.j.r.d.TemplateVisitor: Copying folder from '/home/diana/projects/cht-core/tests/scalability/jmeter/bin/report-template' to '/home/diana/projects/cht-core/tests/scalability/./report-B1SM2cSbmv', got message: /home/diana/projects/cht-core/tests/scalability/./report-B1SM2cSbmv, found non empty folder with following content [/home/diana/projects/cht-core/tests/scalability/./report-B1SM2cSbmv/stderr50, /home/diana/projects/cht-core/tests/scalability/./report-B1SM2cSbmv/stdout41, /home/diana/projects/cht-core/tests/scalability/./report-B1SM2cSbmv/stderr41, /home/diana/projects/cht-core/tests/scalability/./report-B1SM2cSbmv/stderr9, /home/diana/projects/cht-core/tests/scalability/./report-B1SM2cSbmv/stdout45, /home/diana/projects/cht-core/tests/scalability/./report-B1SM2cSbmv/stderr42, /home/diana/projects/cht-core/tests/scalability/./report-B1SM2cSbmv/stderr26, /home/diana/projects/cht-core/tests/scalability/./report-B1SM2cSbmv/stdout25, /home/diana/projects/cht-core/tests/scalability/./report-B1SM2cSbmv/stdout28, /home/diana/projects/cht-core/tests/scalability/./report-B1SM2cSbmv/stdout30, /home/diana/projects/cht-core/tests/scalability/./report-B1SM2cSbmv/stdout47, /home/diana/projects/cht-core/tests/scalability/./report-B1SM2cSbmv/stdout17, /home/diana/projects/cht-core/tests/scalability/./report-B1SM2cSbmv/stderr8, /home/diana/projects/cht-core/tests/scalability/./report-B1SM2cSbmv/stdout35, /home/diana/projects/cht-core/tests/scalability/./report-B1SM2cSbmv/stderr44, /home/diana/projects/cht-core/tests/scalability/./report-B1SM2cSbmv/stdout19, /home/diana/projects/cht-core/tests/scalability/./report-B1SM2cSbmv/stdout20, /home/diana/projects/cht-core/tests/scalability/./report-B1SM2cSbmv/stdout23, /home/diana/projects/cht-core/tests/scalability/./report-B1SM2cSbmv/stdout4, /home/diana/projects/cht-core/tests/scalability/./report-B1SM2cSbmv/stdout9, /home/diana/projects/cht-core/tests/scalability/./report-B1SM2cSbmv/stdout1, /home/diana/projects/cht-core/tests/scalability/./report-B1SM2cSbmv/statistics.json, /home/diana/projects/cht-core/tests/scalability/./report-B1SM2cSbmv/stdout10, /home/diana/projects/cht-core/tests/scalability/./report-B1SM2cSbmv/stderr4, /home/diana/projects/cht-core/tests/scalability/./report-B1SM2cSbmv/stdout24, /home/diana/projects/cht-core/tests/scalability/./report-B1SM2cSbmv/stderr3, /home/diana/projects/cht-core/tests/scalability/./report-B1SM2cSbmv/stderr11, /home/diana/projects/cht-core/tests/scalability/./report-B1SM2cSbmv/stdout32, /home/diana/projects/cht-core/tests/scalability/./report-B1SM2cSbmv/stderr45, /home/diana/projects/cht-core/tests/scalability/./report-B1SM2cSbmv/stderr13, /home/diana/projects/cht-core/tests/scalability/./report-B1SM2cSbmv/stderr32, /home/diana/projects/cht-core/tests/scalability/./report-B1SM2cSbmv/stderr10, /home/diana/projects/cht-core/tests/scalability/./report-B1SM2cSbmv/stderr40, /home/diana/projects/cht-core/tests/scalability/./report-B1SM2cSbmv/stderr30, /home/diana/projects/cht-core/tests/scalability/./report-B1SM2cSbmv/stdout37, /home/diana/projects/cht-core/tests/scalability/./report-B1SM2cSbmv/stdout3, /home/diana/projects/cht-core/tests/scalability/./report-B1SM2cSbmv/stderr31, /home/diana/projects/cht-core/tests/scalability/./report-B1SM2cSbmv/stdout21, /home/diana/projects/cht-core/tests/scalability/./report-B1SM2cSbmv/stderr23, /home/diana/projects/cht-core/tests/scalability/./report-B1SM2cSbmv/stdout5, /home/diana/projects/cht-core/tests/scalability/./report-B1SM2cSbmv/stderr15, /home/diana/projects/cht-core/tests/scalability/./report-B1SM2cSbmv/stdout15, /home/diana/projects/cht-core/tests/scalability/./report-B1SM2cSbmv/stdout18, /home/diana/projects/cht-core/tests/scalability/./report-B1SM2cSbmv/stdout14, /home/diana/projects/cht-core/tests/scalability/./report-B1SM2cSbmv/stdout49, /home/diana/projects/cht-core/tests/scalability/./report-B1SM2cSbmv/stderr33, /home/diana/projects/cht-core/tests/scalability/./report-B1SM2cSbmv/stdout26, /home/diana/projects/cht-core/tests/scalability/./report-B1SM2cSbmv/stderr5, /home/diana/projects/cht-core/tests/scalability/./report-B1SM2cSbmv/stderr25, /home/diana/projects/cht-core/tests/scalability/./report-B1SM2cSbmv/stderr18, /home/diana/projects/cht-core/tests/scalability/./report-B1SM2cSbmv/stdout31, /home/diana/projects/cht-core/tests/scalability/./report-B1SM2cSbmv/stderr6, /home/diana/projects/cht-core/tests/scalability/./report-B1SM2cSbmv/stderr22, /home/diana/projects/cht-core/tests/scalability/./report-B1SM2cSbmv/stderr46, /home/diana/projects/cht-core/tests/scalability/./report-B1SM2cSbmv/stderr17, /home/diana/projects/cht-core/tests/scalability/./report-B1SM2cSbmv/stdout22, /home/diana/projects/cht-core/tests/scalability/./report-B1SM2cSbmv/stderr1, /home/diana/projects/cht-core/tests/scalability/./report-B1SM2cSbmv/stderr21, /home/diana/projects/cht-core/tests/scalability/./report-B1SM2cSbmv/stdout42, /home/diana/projects/cht-core/tests/scalability/./report-B1SM2cSbmv/stderr48, /home/diana/projects/cht-core/tests/scalability/./report-B1SM2cSbmv/stdout48, /home/diana/projects/cht-core/tests/scalability/./report-B1SM2cSbmv/stderr38, /home/diana/projects/cht-core/tests/scalability/./report-B1SM2cSbmv/stderr37, /home/diana/projects/cht-core/tests/scalability/./report-B1SM2cSbmv/stdout43, /home/diana/projects/cht-core/tests/scalability/./report-B1SM2cSbmv/stderr7, /home/diana/projects/cht-core/tests/scalability/./report-B1SM2cSbmv/stdout7, /home/diana/projects/cht-core/tests/scalability/./report-B1SM2cSbmv/stdout6, /home/diana/projects/cht-core/tests/scalability/./report-B1SM2cSbmv/stderr20, /home/diana/projects/cht-core/tests/scalability/./report-B1SM2cSbmv/stdout34, /home/diana/projects/cht-core/tests/scalability/./report-B1SM2cSbmv/stdout11, /home/diana/projects/cht-core/tests/scalability/./report-B1SM2cSbmv/stdout44, /home/diana/projects/cht-core/tests/scalability/./report-B1SM2cSbmv/stdout46, /home/diana/projects/cht-core/tests/scalability/./report-B1SM2cSbmv/stderr19, /home/diana/projects/cht-core/tests/scalability/./report-B1SM2cSbmv/stderr39, /home/diana/projects/cht-core/tests/scalability/./report-B1SM2cSbmv/stdout12, /home/diana/projects/cht-core/tests/scalability/./report-B1SM2cSbmv/stderr36, /home/diana/projects/cht-core/tests/scalability/./report-B1SM2cSbmv/stderr28, /home/diana/projects/cht-core/tests/scalability/./report-B1SM2cSbmv/stdout50, /home/diana/projects/cht-core/tests/scalability/./report-B1SM2cSbmv/stdout36, /home/diana/projects/cht-core/tests/scalability/./report-B1SM2cSbmv/cli_run.jtl, /home/diana/projects/cht-core/tests/scalability/./report-B1SM2cSbmv/stderr2, /home/diana/projects/cht-core/tests/scalability/./report-B1SM2cSbmv/stdout2, /home/diana/projects/cht-core/tests/scalability/./report-B1SM2cSbmv/stderr43, /home/diana/projects/cht-core/tests/scalability/./report-B1SM2cSbmv/stdout39, /home/diana/projects/cht-core/tests/scalability/./report-B1SM2cSbmv/stdout13, /home/diana/projects/cht-core/tests/scalability/./report-B1SM2cSbmv/stderr49, /home/diana/projects/cht-core/tests/scalability/./report-B1SM2cSbmv/stderr14, /home/diana/projects/cht-core/tests/scalability/./report-B1SM2cSbmv/stdout38, /home/diana/projects/cht-core/tests/scalability/./report-B1SM2cSbmv/stderr24, /home/diana/projects/cht-core/tests/scalability/./report-B1SM2cSbmv/stderr16, /home/diana/projects/cht-core/tests/scalability/./report-B1SM2cSbmv/stdout29, /home/diana/projects/cht-core/tests/scalability/./report-B1SM2cSbmv/stderr27, /home/diana/projects/cht-core/tests/scalability/./report-B1SM2cSbmv/stdout16, /home/diana/projects/cht-core/tests/scalability/./report-B1SM2cSbmv/stderr12, /home/diana/projects/cht-core/tests/scalability/./report-B1SM2cSbmv/stderr47, /home/diana/projects/cht-core/tests/scalability/./report-B1SM2cSbmv/stderr34, /home/diana/projects/cht-core/tests/scalability/./report-B1SM2cSbmv/stdout8, /home/diana/projects/cht-core/tests/scalability/./report-B1SM2cSbmv/stdout40, /home/diana/projects/cht-core/tests/scalability/./report-B1SM2cSbmv/stdout27, /home/diana/projects/cht-core/tests/scalability/./report-B1SM2cSbmv/stdout33, /home/diana/projects/cht-core/tests/scalability/./report-B1SM2cSbmv/stderr29, /home/diana/projects/cht-core/tests/scalability/./report-B1SM2cSbmv/stderr35], will be ignored
2024-03-25 09:20:44,754 INFO o.a.j.JMeter: Dashboard generated
